<?xml version="1.0" encoding="UTF-8"?>
<!-- Generated by org.testng.reporters.JUnitXMLReporter -->
<testsuite ignored="0" hostname="LAPTOP-960NGPTF" failures="0" tests="4" name="Default test" time="20.224" errors="0" timestamp="2022-10-05T00:13:49 IST">
  <testcase classname="Test.Test1" name="M1" time="0.009"/>
  <testcase classname="Test.Test1" name="M2" time="0.003"/>
  <testcase classname="Test.Test1" name="M3" time="0.001"/>
  <testcase classname="Test.Test1" name="M4" time="0.004"/>
</testsuite> <!-- Default test -->
