<?xml version="1.0" encoding="UTF-8"?>
<!-- Generated by org.testng.reporters.JUnitXMLReporter -->
<testsuite ignored="4" hostname="LAPTOP-960NGPTF" failures="0" tests="4" name="Test" time="0.1" errors="0" timestamp="2022-10-06T15:46:50 IST">
  <testcase classname="Test.Test2" name="A1" time="0.016"/>
  <testcase classname="Test.Test2" name="A3" time="0.002"/>
  <testcase classname="Test.Test1" name="M1" time="0.002"/>
  <testcase classname="Test.Test1" name="M3" time="0.002"/>
  <testcase classname="Test.Test1" name="M4" time="0.0">
    <ignored/>
  </testcase> <!-- M4 -->
  <testcase classname="Test.Test1" name="M2" time="0.0">
    <ignored/>
  </testcase> <!-- M2 -->
  <testcase classname="Test.Test2" name="A2" time="0.0">
    <ignored/>
  </testcase> <!-- A2 -->
  <testcase classname="Test.Test2" name="A4" time="0.0">
    <ignored/>
  </testcase> <!-- A4 -->
</testsuite> <!-- Test -->
