<?xml version="1.0" encoding="UTF-8"?>
<!-- Generated by org.testng.reporters.JUnitXMLReporter -->
<testsuite ignored="0" hostname="LAPTOP-960NGPTF" failures="0" tests="4" name="Test_Chrome" time="36.435" errors="0" timestamp="2022-11-17T11:23:03 IST">
  <testcase classname="Test.Test1" name="M1" time="0.007"/>
  <testcase classname="Test.Test1" name="M2" time="0.002"/>
  <testcase classname="Test.Test1" name="M3" time="0.002"/>
  <testcase classname="Test.Test1" name="M4" time="0.002"/>
</testsuite> <!-- Test_Chrome -->
