<?xml version="1.0" encoding="UTF-8"?>
<!-- Generated by org.testng.reporters.JUnitXMLReporter -->
<testsuite ignored="0" hostname="LAPTOP-960NGPTF" failures="0" tests="4" name="Test_Edge" time="107.161" errors="0" timestamp="2022-11-17T11:24:50 IST">
  <testcase classname="Test.Test2" name="A1" time="0.004"/>
  <testcase classname="Test.Test2" name="A2" time="0.002"/>
  <testcase classname="Test.Test2" name="A3" time="0.002"/>
  <testcase classname="Test.Test2" name="A4" time="0.001"/>
</testsuite> <!-- Test_Edge -->
