<?xml version="1.0" encoding="UTF-8"?>
<testng-results ignored="0" total="8" passed="8" failed="0" skipped="0">
  <reporter-output>
  </reporter-output>
  <suite started-at="2022-11-17T11:22:27 IST" name="Suite" finished-at="2022-11-17T11:24:50 IST" duration-ms="143619">
    <groups>
      <group name="Sanity">
        <method signature="Test1.M1()[pri:0, instance:Test.Test1@441772e]" name="M1" class="Test.Test1"/>
        <method signature="Test1.M3()[pri:0, instance:Test.Test1@441772e]" name="M3" class="Test.Test1"/>
        <method signature="Test2.A1()[pri:0, instance:Test.Test2@1bd4fdd]" name="A1" class="Test.Test2"/>
        <method signature="Test2.A3()[pri:0, instance:Test.Test2@1bd4fdd]" name="A3" class="Test.Test2"/>
      </group> <!-- Sanity -->
      <group name="Regression">
        <method signature="Test1.M2()[pri:0, instance:Test.Test1@441772e]" name="M2" class="Test.Test1"/>
        <method signature="Test1.M4()[pri:0, instance:Test.Test1@441772e]" name="M4" class="Test.Test1"/>
        <method signature="Test2.A2()[pri:0, instance:Test.Test2@1bd4fdd]" name="A2" class="Test.Test2"/>
        <method signature="Test2.A4()[pri:0, instance:Test.Test2@1bd4fdd]" name="A4" class="Test.Test2"/>
      </group> <!-- Regression -->
    </groups>
    <test started-at="2022-11-17T11:22:27 IST" name="Test_Chrome" finished-at="2022-11-17T11:23:03 IST" duration-ms="36435">
      <class name="Test.Test1">
        <test-method is-config="true" signature="openBrowser(java.lang.String)[pri:0, instance:Test.Test1@441772e]" started-at="2022-11-17T11:22:27 IST" name="openBrowser" finished-at="2022-11-17T11:22:37 IST" duration-ms="10508" status="PASS">
          <params>
            <param index="0">
              <value>
                <![CDATA[Chrome]]>
              </value>
            </param>
          </params>
          <reporter-output>
          </reporter-output>
        </test-method> <!-- openBrowser -->
        <test-method signature="M1()[pri:0, instance:Test.Test1@441772e]" started-at="2022-11-17T11:22:37 IST" name="M1" finished-at="2022-11-17T11:22:37 IST" duration-ms="7" status="PASS">
          <reporter-output>
          </reporter-output>
        </test-method> <!-- M1 -->
        <test-method is-config="true" signature="closeBrowser()[pri:0, instance:Test.Test1@441772e]" started-at="2022-11-17T11:22:37 IST" name="closeBrowser" finished-at="2022-11-17T11:22:37 IST" duration-ms="226" status="PASS">
          <reporter-output>
          </reporter-output>
        </test-method> <!-- closeBrowser -->
        <test-method is-config="true" signature="openBrowser(java.lang.String)[pri:0, instance:Test.Test1@441772e]" started-at="2022-11-17T11:22:37 IST" name="openBrowser" finished-at="2022-11-17T11:22:52 IST" duration-ms="14478" status="PASS">
          <params>
            <param index="0">
              <value>
                <![CDATA[Chrome]]>
              </value>
            </param>
          </params>
          <reporter-output>
          </reporter-output>
        </test-method> <!-- openBrowser -->
        <test-method signature="M2()[pri:0, instance:Test.Test1@441772e]" started-at="2022-11-17T11:22:52 IST" name="M2" finished-at="2022-11-17T11:22:52 IST" duration-ms="2" status="PASS">
          <reporter-output>
          </reporter-output>
        </test-method> <!-- M2 -->
        <test-method is-config="true" signature="closeBrowser()[pri:0, instance:Test.Test1@441772e]" started-at="2022-11-17T11:22:52 IST" name="closeBrowser" finished-at="2022-11-17T11:22:52 IST" duration-ms="351" status="PASS">
          <reporter-output>
          </reporter-output>
        </test-method> <!-- closeBrowser -->
        <test-method is-config="true" signature="openBrowser(java.lang.String)[pri:0, instance:Test.Test1@441772e]" started-at="2022-11-17T11:22:52 IST" name="openBrowser" finished-at="2022-11-17T11:22:57 IST" duration-ms="4473" status="PASS">
          <params>
            <param index="0">
              <value>
                <![CDATA[Chrome]]>
              </value>
            </param>
          </params>
          <reporter-output>
          </reporter-output>
        </test-method> <!-- openBrowser -->
        <test-method signature="M3()[pri:0, instance:Test.Test1@441772e]" started-at="2022-11-17T11:22:57 IST" name="M3" finished-at="2022-11-17T11:22:57 IST" duration-ms="2" status="PASS">
          <reporter-output>
          </reporter-output>
        </test-method> <!-- M3 -->
        <test-method is-config="true" signature="closeBrowser()[pri:0, instance:Test.Test1@441772e]" started-at="2022-11-17T11:22:57 IST" name="closeBrowser" finished-at="2022-11-17T11:22:57 IST" duration-ms="331" status="PASS">
          <reporter-output>
          </reporter-output>
        </test-method> <!-- closeBrowser -->
        <test-method is-config="true" signature="openBrowser(java.lang.String)[pri:0, instance:Test.Test1@441772e]" started-at="2022-11-17T11:22:57 IST" name="openBrowser" finished-at="2022-11-17T11:23:03 IST" duration-ms="5630" status="PASS">
          <params>
            <param index="0">
              <value>
                <![CDATA[Chrome]]>
              </value>
            </param>
          </params>
          <reporter-output>
          </reporter-output>
        </test-method> <!-- openBrowser -->
        <test-method signature="M4()[pri:0, instance:Test.Test1@441772e]" started-at="2022-11-17T11:23:03 IST" name="M4" finished-at="2022-11-17T11:23:03 IST" duration-ms="2" status="PASS">
          <reporter-output>
          </reporter-output>
        </test-method> <!-- M4 -->
        <test-method is-config="true" signature="closeBrowser()[pri:0, instance:Test.Test1@441772e]" started-at="2022-11-17T11:23:03 IST" name="closeBrowser" finished-at="2022-11-17T11:23:03 IST" duration-ms="364" status="PASS">
          <reporter-output>
          </reporter-output>
        </test-method> <!-- closeBrowser -->
      </class> <!-- Test.Test1 -->
    </test> <!-- Test_Chrome -->
    <test started-at="2022-11-17T11:23:03 IST" name="Test_Edge" finished-at="2022-11-17T11:24:50 IST" duration-ms="107161">
      <class name="Test.Test2">
        <test-method is-config="true" signature="openBrowser(java.lang.String)[pri:0, instance:Test.Test2@1bd4fdd]" started-at="2022-11-17T11:23:03 IST" name="openBrowser" finished-at="2022-11-17T11:24:05 IST" duration-ms="62336" status="PASS">
          <params>
            <param index="0">
              <value>
                <![CDATA[Edge]]>
              </value>
            </param>
          </params>
          <reporter-output>
          </reporter-output>
        </test-method> <!-- openBrowser -->
        <test-method signature="A1()[pri:0, instance:Test.Test2@1bd4fdd]" started-at="2022-11-17T11:24:05 IST" name="A1" finished-at="2022-11-17T11:24:05 IST" duration-ms="4" status="PASS">
          <reporter-output>
          </reporter-output>
        </test-method> <!-- A1 -->
        <test-method is-config="true" signature="closeBrowser()[pri:0, instance:Test.Test2@1bd4fdd]" started-at="2022-11-17T11:24:05 IST" name="closeBrowser" finished-at="2022-11-17T11:24:06 IST" duration-ms="162" status="PASS">
          <reporter-output>
          </reporter-output>
        </test-method> <!-- closeBrowser -->
        <test-method is-config="true" signature="openBrowser(java.lang.String)[pri:0, instance:Test.Test2@1bd4fdd]" started-at="2022-11-17T11:24:06 IST" name="openBrowser" finished-at="2022-11-17T11:24:20 IST" duration-ms="14811" status="PASS">
          <params>
            <param index="0">
              <value>
                <![CDATA[Edge]]>
              </value>
            </param>
          </params>
          <reporter-output>
          </reporter-output>
        </test-method> <!-- openBrowser -->
        <test-method signature="A2()[pri:0, instance:Test.Test2@1bd4fdd]" started-at="2022-11-17T11:24:20 IST" name="A2" finished-at="2022-11-17T11:24:20 IST" duration-ms="2" status="PASS">
          <reporter-output>
          </reporter-output>
        </test-method> <!-- A2 -->
        <test-method is-config="true" signature="closeBrowser()[pri:0, instance:Test.Test2@1bd4fdd]" started-at="2022-11-17T11:24:20 IST" name="closeBrowser" finished-at="2022-11-17T11:24:21 IST" duration-ms="364" status="PASS">
          <reporter-output>
          </reporter-output>
        </test-method> <!-- closeBrowser -->
        <test-method is-config="true" signature="openBrowser(java.lang.String)[pri:0, instance:Test.Test2@1bd4fdd]" started-at="2022-11-17T11:24:21 IST" name="openBrowser" finished-at="2022-11-17T11:24:35 IST" duration-ms="13919" status="PASS">
          <params>
            <param index="0">
              <value>
                <![CDATA[Edge]]>
              </value>
            </param>
          </params>
          <reporter-output>
          </reporter-output>
        </test-method> <!-- openBrowser -->
        <test-method signature="A3()[pri:0, instance:Test.Test2@1bd4fdd]" started-at="2022-11-17T11:24:35 IST" name="A3" finished-at="2022-11-17T11:24:35 IST" duration-ms="2" status="PASS">
          <reporter-output>
          </reporter-output>
        </test-method> <!-- A3 -->
        <test-method is-config="true" signature="closeBrowser()[pri:0, instance:Test.Test2@1bd4fdd]" started-at="2022-11-17T11:24:35 IST" name="closeBrowser" finished-at="2022-11-17T11:24:35 IST" duration-ms="175" status="PASS">
          <reporter-output>
          </reporter-output>
        </test-method> <!-- closeBrowser -->
        <test-method is-config="true" signature="openBrowser(java.lang.String)[pri:0, instance:Test.Test2@1bd4fdd]" started-at="2022-11-17T11:24:35 IST" name="openBrowser" finished-at="2022-11-17T11:24:50 IST" duration-ms="14975" status="PASS">
          <params>
            <param index="0">
              <value>
                <![CDATA[Edge]]>
              </value>
            </param>
          </params>
          <reporter-output>
          </reporter-output>
        </test-method> <!-- openBrowser -->
        <test-method signature="A4()[pri:0, instance:Test.Test2@1bd4fdd]" started-at="2022-11-17T11:24:50 IST" name="A4" finished-at="2022-11-17T11:24:50 IST" duration-ms="1" status="PASS">
          <reporter-output>
          </reporter-output>
        </test-method> <!-- A4 -->
        <test-method is-config="true" signature="closeBrowser()[pri:0, instance:Test.Test2@1bd4fdd]" started-at="2022-11-17T11:24:50 IST" name="closeBrowser" finished-at="2022-11-17T11:24:50 IST" duration-ms="395" status="PASS">
          <reporter-output>
          </reporter-output>
        </test-method> <!-- closeBrowser -->
      </class> <!-- Test.Test2 -->
    </test> <!-- Test_Edge -->
  </suite> <!-- Suite -->
</testng-results>
